<?xml version="1.0" encoding="UTF-8"?>
<testng-results ignored="0" total="1" passed="1" failed="0" skipped="0">
  <reporter-output>
  </reporter-output>
  <suite started-at="2020-11-14T10:52:29 EET" name="Default suite" finished-at="2020-11-14T10:53:09 EET" duration-ms="40754">
    <groups>
    </groups>
    <test started-at="2020-11-14T10:52:29 EET" name="Default test" finished-at="2020-11-14T10:53:09 EET" duration-ms="40754">
      <class name="tests.ShowCarDetailsTest">
        <test-method is-config="true" signature="startDriver()[pri:0, instance:tests.ShowCarDetailsTest@30b7c004]" started-at="2020-11-14T10:52:09 EET" name="startDriver" finished-at="2020-11-14T10:52:29 EET" duration-ms="19606" status="PASS">
          <reporter-output>
          </reporter-output>
        </test-method> <!-- startDriver -->
        <test-method signature="userCheckCarDetails()[pri:0, instance:tests.ShowCarDetailsTest@30b7c004]" started-at="2020-11-14T10:52:29 EET" name="userCheckCarDetails" finished-at="2020-11-14T10:53:09 EET" duration-ms="40689" status="PASS">
          <reporter-output>
          </reporter-output>
        </test-method> <!-- userCheckCarDetails -->
        <test-method is-config="true" signature="screenShotOnFailure(org.testng.ITestResult)[pri:0, instance:tests.ShowCarDetailsTest@30b7c004]" started-at="2020-11-14T10:53:09 EET" name="screenShotOnFailure" finished-at="2020-11-14T10:53:09 EET" duration-ms="3" status="PASS">
          <params>
            <param index="0">
              <value>
                <![CDATA[[TestResult name=userCheckCarDetails status=SUCCESS method=ShowCarDetailsTest.userCheckCarDetails()[pri:0, instance:tests.ShowCarDetailsTest@30b7c004] output={null}]]]>
              </value>
            </param>
          </params>
          <reporter-output>
          </reporter-output>
        </test-method> <!-- screenShotOnFailure -->
        <test-method is-config="true" signature="stopDriver()[pri:0, instance:tests.ShowCarDetailsTest@30b7c004]" started-at="2020-11-14T10:53:10 EET" name="stopDriver" finished-at="2020-11-14T10:53:11 EET" duration-ms="1811" status="PASS">
          <reporter-output>
          </reporter-output>
        </test-method> <!-- stopDriver -->
      </class> <!-- tests.ShowCarDetailsTest -->
    </test> <!-- Default test -->
  </suite> <!-- Default suite -->
</testng-results>
